1:T(1,200001)
2:T(200001,200003)
3:Z(200007)
4:S(200007)
5:Z(200004)
6:S(200004)
7:S(200004)
8:Z(200005)
9:S(200005)
10:T(200003,100)
11:T(200004,101)
12:J(101,200003,19)
13:S(100)
14:S(101)
15:J(100,200004,17)
16:J(1,1,12)
17:Z(200005)
18:J(1,1,59)
19:T(200004,15000)
20:J(15000,200003,59)
21:T(15000,200008)
22:T(200003,200009)
23:Z(200011)
24:Z(200010)
25:T(200011,15100)
26:J(15100,200009,52)
27:T(15100,200013)
28:T(200008,200014)
29:Z(200015)
30:Z(200016)
31:T(200016,15200)
32:J(15200,200014,45)
33:T(200015,200017)
34:T(200013,200018)
35:T(200017,200019)
36:Z(200020)
37:T(200020,15300)
38:J(15300,200018,42)
39:S(200019)
40:S(15300)
41:J(1,1,38)
42:T(200019,200015)
43:S(15200)
44:J(1,1,32)
45:T(200015,200012)
46:J(200012,200009,48)
47:J(1,1,50)
48:S(200010)
49:J(1,1,50)
50:S(15100)
51:J(1,1,26)
52:T(200010,200006)
53:J(200006,200007,55)
54:J(1,1,57)
55:Z(200005)
56:J(1,1,57)
57:S(15000)
58:J(1,1,20)
59:T(200005,200002)
60:T(200002,1)
61:J(1,1,0)
